<?xml version="1.0" encoding="UTF-8"?>
<!-- Generated by org.testng.reporters.JUnitReportReporter -->
<testsuite skipped="0" hostname="DESKTOP-DC93QGP" name="scripts.BasicTest" tests="1" failures="0" timestamp="2021-02-23T17:15:00 IST" time="5.841" errors="0">
  <testcase name="sampleTest" time="5.841" classname="scripts.BasicTest"/>
  <system-out/>
</testsuite> <!-- scripts.BasicTest -->
